{
  "RSpec": {
    "coverage": {
      "/home/sergiulupaiescu/RubymineProjects/Twitter-Clone/twitter/app/models/comment.rb": {
        "lines": [
          1,
          1,
          1,
          null,
          1,
          null
        ]
      },
      "/home/sergiulupaiescu/RubymineProjects/Twitter-Clone/twitter/spec/models/friendship_spec.rb": {
        "lines": [
          1,
          null,
          1,
          1,
          2,
          2,
          null,
          null,
          1,
          2,
          2,
          null,
          null
        ]
      },
      "/home/sergiulupaiescu/RubymineProjects/Twitter-Clone/twitter/app/models/friendship.rb": {
        "lines": [
          1,
          1,
          1,
          null,
          1,
          1,
          null
        ]
      },
      "/home/sergiulupaiescu/RubymineProjects/Twitter-Clone/twitter/spec/models/like_spec.rb": {
        "lines": [
          1,
          null,
          1,
          1,
          2,
          2,
          null,
          null
        ]
      },
      "/home/sergiulupaiescu/RubymineProjects/Twitter-Clone/twitter/app/models/like.rb": {
        "lines": [
          1,
          1,
          1,
          null
        ]
      },
      "/home/sergiulupaiescu/RubymineProjects/Twitter-Clone/twitter/spec/models/tweet_spec.rb": {
        "lines": [
          1,
          null,
          1,
          1,
          2,
          null,
          2,
          2,
          null,
          null
        ]
      },
      "/home/sergiulupaiescu/RubymineProjects/Twitter-Clone/twitter/app/models/tweet.rb": {
        "lines": [
          1,
          1,
          1,
          1,
          null
        ]
      },
      "/home/sergiulupaiescu/RubymineProjects/Twitter-Clone/twitter/spec/models/user_spec.rb": {
        "lines": [
          1,
          null,
          1,
          1,
          2,
          2,
          2,
          2,
          2,
          null,
          null,
          1,
          2,
          null,
          null,
          null
        ]
      }
    },
    "timestamp": 1647514131
  }
}
